<?xml version="1.0" encoding="UTF-8"?>
<!-- Generated by org.testng.reporters.JUnitXMLReporter -->
<testsuite ignored="0" hostname="DESKTOP-N3LRL61" failures="0" tests="44" name="Default test" time="65.203" errors="0" timestamp="2023-10-28T10:20:25 IST">
  <testcase classname="Com.QA.test.PagesTest" name="HomePage_Title_Test" time="0.036"/>
  <testcase classname="Com.QA.test.PagesTest" name="HomePage_Url_Test" time="0.006"/>
  <testcase classname="Com.QA.test.PagesTest" name="HomePage_Logo_Test" time="0.263"/>
  <testcase classname="Com.QA.test.PagesTest" name="HomePage_Links_Test" time="1.658"/>
  <testcase classname="Com.QA.test.PagesTest" name="HomePage_Products_Test" time="1.154"/>
  <testcase classname="Com.QA.test.PagesTest" name="HomePage_Footer_Test" time="1.696"/>
  <testcase classname="Com.QA.test.PagesTest" name="HomePage_HeaderLinks_Test" time="1.515"/>
  <testcase classname="Com.QA.test.PagesTest" name="LoginPage_Title_Test" time="1.229"/>
  <testcase classname="Com.QA.test.PagesTest" name="LoginPage_Url_Test" time="0.004"/>
  <testcase classname="Com.QA.test.PagesTest" name="LoginPage_Hedaer_Test" time="0.099"/>
  <testcase classname="Com.QA.test.PagesTest" name="LoginPage_links_Test" time="1.836"/>
  <testcase classname="Com.QA.test.PagesTest" name="LoginPage_AccountInfo_Test" time="0.018"/>
  <testcase classname="Com.QA.test.PagesTest" name="LoginPage_FooterLinks_Test" time="1.073"/>
  <testcase classname="Com.QA.test.PagesTest" name="LoginPage_Login_Test" time="3.44"/>
  <testcase classname="Com.QA.test.PagesTest" name="AddToCartPage_Title_Test" time="1.817"/>
  <testcase classname="Com.QA.test.PagesTest" name="AddToCartPage_Url_Test" time="0.004"/>
  <testcase classname="Com.QA.test.PagesTest" name="AddToCartPage_ProDuctOverview_Test" time="1.581"/>
  <testcase classname="Com.QA.test.PagesTest" name="AddToCartPage_ProDuctSpecification_Test" time="1.104"/>
  <testcase classname="Com.QA.test.PagesTest" name="AddToCartPage_ProDuctInfo_Test" time="0.05"/>
  <testcase classname="Com.QA.test.PagesTest" name="AddToCartPage_ProDuctPrice_Test" time="0.046"/>
  <testcase classname="Com.QA.test.PagesTest" name="AddToCartPage_Links_Test" time="1.2"/>
  <testcase classname="Com.QA.test.PagesTest" name="AddToCartPage_Footer_Links_Test" time="1.18"/>
  <testcase classname="Com.QA.test.PagesTest" name="AddToCartPage_Click_on_AddtoCart_Button_Test" time="2.28"/>
  <testcase classname="Com.QA.test.PagesTest" name="Checkout_Page_TitleTest" time="0.008"/>
  <testcase classname="Com.QA.test.PagesTest" name="Checkout_Page_UrlTest" time="0.002"/>
  <testcase classname="Com.QA.test.PagesTest" name="Checkout_Page_EstimateShipping_Test" time="5.963"/>
  <testcase classname="Com.QA.test.PagesTest" name="Checkout_Page_Product_Price_Test" time="1.042"/>
  <testcase classname="Com.QA.test.PagesTest" name="Checkout_Page_Product_InCart_Test" time="0.036"/>
  <testcase classname="Com.QA.test.PagesTest" name="Checkout_Page_Checkout_Click_Test" time="2.712"/>
  <testcase classname="Com.QA.test.PagesTest" name="Address_Page_Title_Test" time="0.027"/>
  <testcase classname="Com.QA.test.PagesTest" name="Address_Page_Url_Test" time="0.003"/>
  <testcase classname="Com.QA.test.PagesTest" name="Address_Page_Address_Data_Test" time="1.118"/>
  <testcase classname="Com.QA.test.PagesTest" name="Payment_Page_Title_Test" time="0.011"/>
  <testcase classname="Com.QA.test.PagesTest" name="Payment_Page_url_Test" time="0.021"/>
  <testcase classname="Com.QA.test.PagesTest" name="Payment_Page_ContinueAction_Test" time="2.34"/>
  <testcase classname="Com.QA.test.PagesTest" name="Payment_Page_PaymentMethods_Test" time="2.304"/>
  <testcase classname="Com.QA.test.PagesTest" name="Payment_Page_PaymentInformation_Test" time="2.196"/>
  <testcase classname="Com.QA.test.PagesTest" name="Payment_Page_BillingInfo_Test" time="1.04"/>
  <testcase classname="Com.QA.test.PagesTest" name="Payment_Page_ShippingInfo_Test" time="1.037"/>
  <testcase classname="Com.QA.test.PagesTest" name="Payment_Page_FinalpriceInfo_Test" time="1.028"/>
  <testcase classname="Com.QA.test.PagesTest" name="Payment_Page_ClickConfirmOrder_Test" time="1.811"/>
  <testcase classname="Com.QA.test.PagesTest" name="Payment_Page_FinalPageLogo_Test" time="0.169"/>
  <testcase classname="Com.QA.test.PagesTest" name="Payment_Page_OrderConfirmation_Test" time="0.201"/>
  <testcase classname="Com.QA.test.PagesTest" name="Payment_Page_OrderNumber_Test" time="0.049"/>
</testsuite> <!-- Default test -->
