<?xml version="1.0" encoding="UTF-8"?>
<!-- Generated by org.testng.reporters.JUnitXMLReporter -->
<testsuite ignored="0" hostname="DESKTOP-N3LRL61" failures="1" tests="3" name="AddressPageTest" time="37.367" errors="0" timestamp="2023-10-27T15:19:27 IST">
  <testcase classname="Com.QA.test.AddressPageTest" name="Address_Page_Title_Test" time="0.012"/>
  <testcase classname="Com.QA.test.AddressPageTest" name="Address_Page_Url_Test" time="0.001"/>
  <testcase classname="Com.QA.test.AddressPageTest" name="Address_Page_Address_Data_Test" time="30.017">
    <failure type="com.microsoft.playwright.TimeoutError" message="Error {
  message=&amp;apos;Timeout 30000ms exceeded.
=========================== logs ===========================
waiting for selector &amp;quot;input#BillingNewAddress_Company&amp;quot;
============================================================
  name=&amp;apos;TimeoutError
  stack=&amp;apos;TimeoutError: Timeout 30000ms exceeded.
=========================== logs ===========================
waiting for selector &amp;quot;input#BillingNewAddress_Company&amp;quot;
============================================================
    at ProgressController.run (C:\Users\HP\AppData\Local\Temp\playwright-java-16906651620572142912\package\lib\server\progress.js:96:26)
    at Frame.fill (C:\Users\HP\AppData\Local\Temp\playwright-java-16906651620572142912\package\lib\server\frames.js:1242:23)
    at FrameDispatcher.fill (C:\Users\HP\AppData\Local\Temp\playwright-java-16906651620572142912\package\lib\server\dispatchers\frameDispatcher.js:189:30)
    at DispatcherConnection.dispatch (C:\Users\HP\AppData\Local\Temp\playwright-java-16906651620572142912\package\lib\server\dispatchers\dispatcher.js:397:46)
}">
      <![CDATA[com.microsoft.playwright.TimeoutError: Error {
  message='Timeout 30000ms exceeded.
=========================== logs ===========================
waiting for selector "input#BillingNewAddress_Company"
============================================================
  name='TimeoutError
  stack='TimeoutError: Timeout 30000ms exceeded.
=========================== logs ===========================
waiting for selector "input#BillingNewAddress_Company"
============================================================
    at ProgressController.run (C:\Users\HP\AppData\Local\Temp\playwright-java-16906651620572142912\package\lib\server\progress.js:96:26)
    at Frame.fill (C:\Users\HP\AppData\Local\Temp\playwright-java-16906651620572142912\package\lib\server\frames.js:1242:23)
    at FrameDispatcher.fill (C:\Users\HP\AppData\Local\Temp\playwright-java-16906651620572142912\package\lib\server\dispatchers\frameDispatcher.js:189:30)
    at DispatcherConnection.dispatch (C:\Users\HP\AppData\Local\Temp\playwright-java-16906651620572142912\package\lib\server\dispatchers\dispatcher.js:397:46)
}
at com.microsoft.playwright.impl.WaitableResult.get(WaitableResult.java:52)
at com.microsoft.playwright.impl.ChannelOwner.runUntil(ChannelOwner.java:109)
at com.microsoft.playwright.impl.Connection.sendMessage(Connection.java:108)
at com.microsoft.playwright.impl.ChannelOwner.sendMessage(ChannelOwner.java:100)
at com.microsoft.playwright.impl.FrameImpl.fillImpl(FrameImpl.java:338)
at com.microsoft.playwright.impl.FrameImpl.lambda$fill$15(FrameImpl.java:328)
at com.microsoft.playwright.impl.LoggingSupport.lambda$withLogging$0(LoggingSupport.java:36)
at com.microsoft.playwright.impl.LoggingSupport.withLogging(LoggingSupport.java:47)
at com.microsoft.playwright.impl.ChannelOwner.withLogging(ChannelOwner.java:85)
at com.microsoft.playwright.impl.LoggingSupport.withLogging(LoggingSupport.java:35)
at com.microsoft.playwright.impl.FrameImpl.fill(FrameImpl.java:328)
at com.microsoft.playwright.impl.LocatorImpl.fill(LocatorImpl.java:203)
at com.microsoft.playwright.Locator.fill(Locator.java:2108)
at Com.QA.Pages.AddressPage.FillingAddressPageData(AddressPage.java:31)
at Com.QA.test.AddressPageTest.Address_Page_Address_Data_Test(AddressPageTest.java:26)
at java.base/java.util.ArrayList.forEach(ArrayList.java:1511)
Caused by: com.microsoft.playwright.TimeoutError: Error {
  message='Timeout 30000ms exceeded.
=========================== logs ===========================
waiting for selector "input#BillingNewAddress_Company"
============================================================
  name='TimeoutError
  stack='TimeoutError: Timeout 30000ms exceeded.
=========================== logs ===========================
waiting for selector "input#BillingNewAddress_Company"
============================================================
    at ProgressController.run (C:\Users\HP\AppData\Local\Temp\playwright-java-16906651620572142912\package\lib\server\progress.js:96:26)
    at Frame.fill (C:\Users\HP\AppData\Local\Temp\playwright-java-16906651620572142912\package\lib\server\frames.js:1242:23)
    at FrameDispatcher.fill (C:\Users\HP\AppData\Local\Temp\playwright-java-16906651620572142912\package\lib\server\dispatchers\frameDispatcher.js:189:30)
    at DispatcherConnection.dispatch (C:\Users\HP\AppData\Local\Temp\playwright-java-16906651620572142912\package\lib\server\dispatchers\dispatcher.js:397:46)
}
at com.microsoft.playwright.impl.Connection.dispatch(Connection.java:188)
at com.microsoft.playwright.impl.Connection.processOneMessage(Connection.java:170)
at com.microsoft.playwright.impl.ChannelOwner.runUntil(ChannelOwner.java:107)
... 41 more
... Removed 27 stack frames]]>
    </failure>
  </testcase> <!-- Address_Page_Address_Data_Test -->
</testsuite> <!-- AddressPageTest -->
