<?xml version="1.0" encoding="UTF-8"?>
<!-- Generated by org.testng.reporters.JUnitXMLReporter -->
<testsuite ignored="0" hostname="DESKTOP-N3LRL61" failures="0" tests="9" name="AddtocartPageTest" time="15.97" errors="0" timestamp="2023-10-27T15:18:20 IST">
  <testcase classname="Com.QA.test.AddToCartPageTest" name="AddToCartPage_Title_Test" time="1.173"/>
  <testcase classname="Com.QA.test.AddToCartPageTest" name="AddToCartPage_Url_Test" time="0.001"/>
  <testcase classname="Com.QA.test.AddToCartPageTest" name="AddToCartPage_ProDuctOverview_Test" time="1.544"/>
  <testcase classname="Com.QA.test.AddToCartPageTest" name="AddToCartPage_ProDuctSpecification_Test" time="1.036"/>
  <testcase classname="Com.QA.test.AddToCartPageTest" name="AddToCartPage_ProDuctInfo_Test" time="0.011"/>
  <testcase classname="Com.QA.test.AddToCartPageTest" name="AddToCartPage_ProDuctPrice_Test" time="0.01"/>
  <testcase classname="Com.QA.test.AddToCartPageTest" name="AddToCartPage_Links_Test" time="1.055"/>
  <testcase classname="Com.QA.test.AddToCartPageTest" name="AddToCartPage_Footer_Links_Test" time="1.062"/>
  <testcase classname="Com.QA.test.AddToCartPageTest" name="AddToCartPage_Click_on_AddtoCart_Button_Test" time="2.164"/>
</testsuite> <!-- AddtocartPageTest -->
