<?xml version="1.0" encoding="UTF-8"?>
<!-- Generated by org.testng.reporters.JUnitXMLReporter -->
<testsuite ignored="0" hostname="DESKTOP-N3LRL61" failures="4" tests="6" name="checkoutPageTest" time="29.408" errors="0" timestamp="2023-10-27T15:18:50 IST">
  <testcase classname="Com.QA.test.CheckOutPageTest" name="Checkout_Page_TitleTest" time="0.024"/>
  <testcase classname="Com.QA.test.CheckOutPageTest" name="Checkout_Page_UrlTest" time="0.003"/>
  <testcase classname="Com.QA.test.CheckOutPageTest" name="Checkout_Page_EstimateShipping_Test" time="22.95">
    <failure type="com.microsoft.playwright.PlaywrightException" message="Error {
  message=&amp;apos;Target closed
=========================== logs ===========================
waiting for selector &amp;quot;input#ZipPostalCode&amp;quot;
============================================================
  name=&amp;apos;Error
  stack=&amp;apos;Error: Target closed
=========================== logs ===========================
waiting for selector &amp;quot;input#ZipPostalCode&amp;quot;
============================================================
    at C:\Users\HP\AppData\Local\Temp\playwright-java-16906651620572142912\package\lib\server\chromium\crConnection.js:206:16
    at new Promise (&amp;lt;anonymous&amp;gt;)
    at CRSession.send (C:\Users\HP\AppData\Local\Temp\playwright-java-16906651620572142912\package\lib\server\chromium\crConnection.js:202:12)
    at CRExecutionContext.evaluateWithArguments (C:\Users\HP\AppData\Local\Temp\playwright-java-16906651620572142912\package\lib\server\chromium\crExecutionContext.js:89:28)
    at FrameExecutionContext.evaluateWithArguments (C:\Users\HP\AppData\Local\Temp\playwright-java-16906651620572142912\package\lib\server\javascript.js:73:61)
    at evaluateExpression (C:\Users\HP\AppData\Local\Temp\playwright-java-16906651620572142912\package\lib\server\javascript.js:264:26)
    at async InjectedScriptPollHandler.finishHandle (C:\Users\HP\AppData\Local\Temp\playwright-java-16906651620572142912\package\lib\server\dom.js:1031:22)
    at async RerunnableTask.rerun (C:\Users\HP\AppData\Local\Temp\playwright-java-16906651620572142912\package\lib\server\frames.js:1878:73)
}">
      <![CDATA[com.microsoft.playwright.PlaywrightException: Error {
  message='Target closed
=========================== logs ===========================
waiting for selector "input#ZipPostalCode"
============================================================
  name='Error
  stack='Error: Target closed
=========================== logs ===========================
waiting for selector "input#ZipPostalCode"
============================================================
    at C:\Users\HP\AppData\Local\Temp\playwright-java-16906651620572142912\package\lib\server\chromium\crConnection.js:206:16
    at new Promise (<anonymous>)
    at CRSession.send (C:\Users\HP\AppData\Local\Temp\playwright-java-16906651620572142912\package\lib\server\chromium\crConnection.js:202:12)
    at CRExecutionContext.evaluateWithArguments (C:\Users\HP\AppData\Local\Temp\playwright-java-16906651620572142912\package\lib\server\chromium\crExecutionContext.js:89:28)
    at FrameExecutionContext.evaluateWithArguments (C:\Users\HP\AppData\Local\Temp\playwright-java-16906651620572142912\package\lib\server\javascript.js:73:61)
    at evaluateExpression (C:\Users\HP\AppData\Local\Temp\playwright-java-16906651620572142912\package\lib\server\javascript.js:264:26)
    at async InjectedScriptPollHandler.finishHandle (C:\Users\HP\AppData\Local\Temp\playwright-java-16906651620572142912\package\lib\server\dom.js:1031:22)
    at async RerunnableTask.rerun (C:\Users\HP\AppData\Local\Temp\playwright-java-16906651620572142912\package\lib\server\frames.js:1878:73)
}
at com.microsoft.playwright.impl.WaitableResult.get(WaitableResult.java:54)
at com.microsoft.playwright.impl.ChannelOwner.runUntil(ChannelOwner.java:109)
at com.microsoft.playwright.impl.Connection.sendMessage(Connection.java:108)
at com.microsoft.playwright.impl.ChannelOwner.sendMessage(ChannelOwner.java:100)
at com.microsoft.playwright.impl.FrameImpl.fillImpl(FrameImpl.java:338)
at com.microsoft.playwright.impl.FrameImpl.lambda$fill$15(FrameImpl.java:328)
at com.microsoft.playwright.impl.LoggingSupport.lambda$withLogging$0(LoggingSupport.java:36)
at com.microsoft.playwright.impl.LoggingSupport.withLogging(LoggingSupport.java:47)
at com.microsoft.playwright.impl.ChannelOwner.withLogging(ChannelOwner.java:85)
at com.microsoft.playwright.impl.LoggingSupport.withLogging(LoggingSupport.java:35)
at com.microsoft.playwright.impl.FrameImpl.fill(FrameImpl.java:328)
at com.microsoft.playwright.impl.LocatorImpl.fill(LocatorImpl.java:203)
at com.microsoft.playwright.Locator.fill(Locator.java:2108)
at Com.QA.Pages.CheckoutPage.VerifyEstimateShippingInformation(CheckoutPage.java:58)
at Com.QA.test.CheckOutPageTest.Checkout_Page_EstimateShipping_Test(CheckOutPageTest.java:26)
at java.base/java.util.ArrayList.forEach(ArrayList.java:1511)
Caused by: com.microsoft.playwright.impl.DriverException: Error {
  message='Target closed
=========================== logs ===========================
waiting for selector "input#ZipPostalCode"
============================================================
  name='Error
  stack='Error: Target closed
=========================== logs ===========================
waiting for selector "input#ZipPostalCode"
============================================================
    at C:\Users\HP\AppData\Local\Temp\playwright-java-16906651620572142912\package\lib\server\chromium\crConnection.js:206:16
    at new Promise (<anonymous>)
    at CRSession.send (C:\Users\HP\AppData\Local\Temp\playwright-java-16906651620572142912\package\lib\server\chromium\crConnection.js:202:12)
    at CRExecutionContext.evaluateWithArguments (C:\Users\HP\AppData\Local\Temp\playwright-java-16906651620572142912\package\lib\server\chromium\crExecutionContext.js:89:28)
    at FrameExecutionContext.evaluateWithArguments (C:\Users\HP\AppData\Local\Temp\playwright-java-16906651620572142912\package\lib\server\javascript.js:73:61)
    at evaluateExpression (C:\Users\HP\AppData\Local\Temp\playwright-java-16906651620572142912\package\lib\server\javascript.js:264:26)
    at async InjectedScriptPollHandler.finishHandle (C:\Users\HP\AppData\Local\Temp\playwright-java-16906651620572142912\package\lib\server\dom.js:1031:22)
    at async RerunnableTask.rerun (C:\Users\HP\AppData\Local\Temp\playwright-java-16906651620572142912\package\lib\server\frames.js:1878:73)
}
at com.microsoft.playwright.impl.Connection.dispatch(Connection.java:190)
at com.microsoft.playwright.impl.Connection.processOneMessage(Connection.java:170)
at com.microsoft.playwright.impl.ChannelOwner.runUntil(ChannelOwner.java:107)
... 41 more
... Removed 27 stack frames]]>
    </failure>
  </testcase> <!-- Checkout_Page_EstimateShipping_Test -->
  <testcase classname="Com.QA.test.CheckOutPageTest" name="Checkout_Page_Product_Price_Test" time="0.011">
    <failure type="com.microsoft.playwright.PlaywrightException" message="Error {
  message=&amp;apos;Target page, context or browser has been closed
  name=&amp;apos;Error
  stack=&amp;apos;Error: Target page, context or browser has been closed
    at DispatcherConnection.dispatch (C:\Users\HP\AppData\Local\Temp\playwright-java-16906651620572142912\package\lib\server\dispatchers\dispatcher.js:296:49)
    at PipeTransport.transport.onmessage (C:\Users\HP\AppData\Local\Temp\playwright-java-16906651620572142912\package\lib\cli\driver.js:67:57)
    at Immediate._onImmediate (C:\Users\HP\AppData\Local\Temp\playwright-java-16906651620572142912\package\lib\protocol\transport.js:89:34)
    at processImmediate (node:internal/timers:466:21)
}">
      <![CDATA[com.microsoft.playwright.PlaywrightException: Error {
  message='Target page, context or browser has been closed
  name='Error
  stack='Error: Target page, context or browser has been closed
    at DispatcherConnection.dispatch (C:\Users\HP\AppData\Local\Temp\playwright-java-16906651620572142912\package\lib\server\dispatchers\dispatcher.js:296:49)
    at PipeTransport.transport.onmessage (C:\Users\HP\AppData\Local\Temp\playwright-java-16906651620572142912\package\lib\cli\driver.js:67:57)
    at Immediate._onImmediate (C:\Users\HP\AppData\Local\Temp\playwright-java-16906651620572142912\package\lib\protocol\transport.js:89:34)
    at processImmediate (node:internal/timers:466:21)
}
at com.microsoft.playwright.impl.WaitableResult.get(WaitableResult.java:54)
at com.microsoft.playwright.impl.ChannelOwner.runUntil(ChannelOwner.java:109)
at com.microsoft.playwright.impl.Connection.sendMessage(Connection.java:108)
at com.microsoft.playwright.impl.ChannelOwner.sendMessage(ChannelOwner.java:100)
at com.microsoft.playwright.impl.FrameImpl.evalOnSelectorAllImpl(FrameImpl.java:168)
at com.microsoft.playwright.impl.FrameImpl.lambda$evalOnSelectorAll$5(FrameImpl.java:160)
at com.microsoft.playwright.impl.LoggingSupport.withLogging(LoggingSupport.java:47)
at com.microsoft.playwright.impl.ChannelOwner.withLogging(ChannelOwner.java:85)
at com.microsoft.playwright.impl.FrameImpl.evalOnSelectorAll(FrameImpl.java:160)
at com.microsoft.playwright.Frame.evalOnSelectorAll(Frame.java:2501)
at com.microsoft.playwright.impl.LocatorImpl.allInnerTexts(LocatorImpl.java:107)
at Com.QA.Pages.CheckoutPage.verifyProductPrice(CheckoutPage.java:81)
at Com.QA.test.CheckOutPageTest.Checkout_Page_Product_Price_Test(CheckOutPageTest.java:32)
at java.base/java.util.ArrayList.forEach(ArrayList.java:1511)
Caused by: com.microsoft.playwright.impl.DriverException: Error {
  message='Target page, context or browser has been closed
  name='Error
  stack='Error: Target page, context or browser has been closed
    at DispatcherConnection.dispatch (C:\Users\HP\AppData\Local\Temp\playwright-java-16906651620572142912\package\lib\server\dispatchers\dispatcher.js:296:49)
    at PipeTransport.transport.onmessage (C:\Users\HP\AppData\Local\Temp\playwright-java-16906651620572142912\package\lib\cli\driver.js:67:57)
    at Immediate._onImmediate (C:\Users\HP\AppData\Local\Temp\playwright-java-16906651620572142912\package\lib\protocol\transport.js:89:34)
    at processImmediate (node:internal/timers:466:21)
}
at com.microsoft.playwright.impl.Connection.dispatch(Connection.java:190)
at com.microsoft.playwright.impl.Connection.processOneMessage(Connection.java:170)
at com.microsoft.playwright.impl.ChannelOwner.runUntil(ChannelOwner.java:107)
... 39 more
... Removed 27 stack frames]]>
    </failure>
  </testcase> <!-- Checkout_Page_Product_Price_Test -->
  <testcase classname="Com.QA.test.CheckOutPageTest" name="Checkout_Page_Product_InCart_Test" time="0.002">
    <failure type="com.microsoft.playwright.PlaywrightException" message="Error {
  message=&amp;apos;Target page, context or browser has been closed
  name=&amp;apos;Error
  stack=&amp;apos;Error: Target page, context or browser has been closed
    at DispatcherConnection.dispatch (C:\Users\HP\AppData\Local\Temp\playwright-java-16906651620572142912\package\lib\server\dispatchers\dispatcher.js:296:49)
    at PipeTransport.transport.onmessage (C:\Users\HP\AppData\Local\Temp\playwright-java-16906651620572142912\package\lib\cli\driver.js:67:57)
    at Immediate._onImmediate (C:\Users\HP\AppData\Local\Temp\playwright-java-16906651620572142912\package\lib\protocol\transport.js:89:34)
    at processImmediate (node:internal/timers:466:21)
}">
      <![CDATA[com.microsoft.playwright.PlaywrightException: Error {
  message='Target page, context or browser has been closed
  name='Error
  stack='Error: Target page, context or browser has been closed
    at DispatcherConnection.dispatch (C:\Users\HP\AppData\Local\Temp\playwright-java-16906651620572142912\package\lib\server\dispatchers\dispatcher.js:296:49)
    at PipeTransport.transport.onmessage (C:\Users\HP\AppData\Local\Temp\playwright-java-16906651620572142912\package\lib\cli\driver.js:67:57)
    at Immediate._onImmediate (C:\Users\HP\AppData\Local\Temp\playwright-java-16906651620572142912\package\lib\protocol\transport.js:89:34)
    at processImmediate (node:internal/timers:466:21)
}
at com.microsoft.playwright.impl.WaitableResult.get(WaitableResult.java:54)
at com.microsoft.playwright.impl.ChannelOwner.runUntil(ChannelOwner.java:109)
at com.microsoft.playwright.impl.Connection.sendMessage(Connection.java:108)
at com.microsoft.playwright.impl.ChannelOwner.sendMessage(ChannelOwner.java:100)
at com.microsoft.playwright.impl.FrameImpl.isVisibleImpl(FrameImpl.java:579)
at com.microsoft.playwright.impl.FrameImpl.lambda$isVisible$30(FrameImpl.java:565)
at com.microsoft.playwright.impl.LoggingSupport.withLogging(LoggingSupport.java:47)
at com.microsoft.playwright.impl.ChannelOwner.withLogging(ChannelOwner.java:85)
at com.microsoft.playwright.impl.FrameImpl.isVisible(FrameImpl.java:565)
at com.microsoft.playwright.impl.LocatorImpl.isVisible(LocatorImpl.java:319)
at com.microsoft.playwright.Locator.isVisible(Locator.java:2332)
at Com.QA.Pages.CheckoutPage.VerifyProductInCart(CheckoutPage.java:89)
at Com.QA.test.CheckOutPageTest.Checkout_Page_Product_InCart_Test(CheckOutPageTest.java:41)
at java.base/java.util.ArrayList.forEach(ArrayList.java:1511)
Caused by: com.microsoft.playwright.impl.DriverException: Error {
  message='Target page, context or browser has been closed
  name='Error
  stack='Error: Target page, context or browser has been closed
    at DispatcherConnection.dispatch (C:\Users\HP\AppData\Local\Temp\playwright-java-16906651620572142912\package\lib\server\dispatchers\dispatcher.js:296:49)
    at PipeTransport.transport.onmessage (C:\Users\HP\AppData\Local\Temp\playwright-java-16906651620572142912\package\lib\cli\driver.js:67:57)
    at Immediate._onImmediate (C:\Users\HP\AppData\Local\Temp\playwright-java-16906651620572142912\package\lib\protocol\transport.js:89:34)
    at processImmediate (node:internal/timers:466:21)
}
at com.microsoft.playwright.impl.Connection.dispatch(Connection.java:190)
at com.microsoft.playwright.impl.Connection.processOneMessage(Connection.java:170)
at com.microsoft.playwright.impl.ChannelOwner.runUntil(ChannelOwner.java:107)
... 39 more
... Removed 27 stack frames]]>
    </failure>
  </testcase> <!-- Checkout_Page_Product_InCart_Test -->
  <testcase classname="Com.QA.test.CheckOutPageTest" name="Checkout_Page_Checkout_Click_Test" time="0.003">
    <failure type="com.microsoft.playwright.PlaywrightException" message="Error {
  message=&amp;apos;Target page, context or browser has been closed
  name=&amp;apos;Error
  stack=&amp;apos;Error: Target page, context or browser has been closed
    at DispatcherConnection.dispatch (C:\Users\HP\AppData\Local\Temp\playwright-java-16906651620572142912\package\lib\server\dispatchers\dispatcher.js:296:49)
    at PipeTransport.transport.onmessage (C:\Users\HP\AppData\Local\Temp\playwright-java-16906651620572142912\package\lib\cli\driver.js:67:57)
    at Immediate._onImmediate (C:\Users\HP\AppData\Local\Temp\playwright-java-16906651620572142912\package\lib\protocol\transport.js:89:34)
    at processImmediate (node:internal/timers:466:21)
}">
      <![CDATA[com.microsoft.playwright.PlaywrightException: Error {
  message='Target page, context or browser has been closed
  name='Error
  stack='Error: Target page, context or browser has been closed
    at DispatcherConnection.dispatch (C:\Users\HP\AppData\Local\Temp\playwright-java-16906651620572142912\package\lib\server\dispatchers\dispatcher.js:296:49)
    at PipeTransport.transport.onmessage (C:\Users\HP\AppData\Local\Temp\playwright-java-16906651620572142912\package\lib\cli\driver.js:67:57)
    at Immediate._onImmediate (C:\Users\HP\AppData\Local\Temp\playwright-java-16906651620572142912\package\lib\protocol\transport.js:89:34)
    at processImmediate (node:internal/timers:466:21)
}
at com.microsoft.playwright.impl.WaitableResult.get(WaitableResult.java:54)
at com.microsoft.playwright.impl.ChannelOwner.runUntil(ChannelOwner.java:109)
at com.microsoft.playwright.impl.Connection.sendMessage(Connection.java:108)
at com.microsoft.playwright.impl.ChannelOwner.sendMessage(ChannelOwner.java:100)
at com.microsoft.playwright.impl.FrameImpl.clickImpl(FrameImpl.java:255)
at com.microsoft.playwright.impl.FrameImpl.lambda$click$9(FrameImpl.java:246)
at com.microsoft.playwright.impl.LoggingSupport.lambda$withLogging$0(LoggingSupport.java:36)
at com.microsoft.playwright.impl.LoggingSupport.withLogging(LoggingSupport.java:47)
at com.microsoft.playwright.impl.ChannelOwner.withLogging(ChannelOwner.java:85)
at com.microsoft.playwright.impl.LoggingSupport.withLogging(LoggingSupport.java:35)
at com.microsoft.playwright.impl.FrameImpl.click(FrameImpl.java:246)
at com.microsoft.playwright.impl.LocatorImpl.click(LocatorImpl.java:133)
at com.microsoft.playwright.Locator.click(Locator.java:1731)
at Com.QA.Pages.CheckoutPage.clickonCheckoutButton(CheckoutPage.java:99)
at Com.QA.test.CheckOutPageTest.Checkout_Page_Checkout_Click_Test(CheckOutPageTest.java:47)
at java.base/java.util.ArrayList.forEach(ArrayList.java:1511)
Caused by: com.microsoft.playwright.impl.DriverException: Error {
  message='Target page, context or browser has been closed
  name='Error
  stack='Error: Target page, context or browser has been closed
    at DispatcherConnection.dispatch (C:\Users\HP\AppData\Local\Temp\playwright-java-16906651620572142912\package\lib\server\dispatchers\dispatcher.js:296:49)
    at PipeTransport.transport.onmessage (C:\Users\HP\AppData\Local\Temp\playwright-java-16906651620572142912\package\lib\cli\driver.js:67:57)
    at Immediate._onImmediate (C:\Users\HP\AppData\Local\Temp\playwright-java-16906651620572142912\package\lib\protocol\transport.js:89:34)
    at processImmediate (node:internal/timers:466:21)
}
at com.microsoft.playwright.impl.Connection.dispatch(Connection.java:190)
at com.microsoft.playwright.impl.Connection.processOneMessage(Connection.java:170)
at com.microsoft.playwright.impl.ChannelOwner.runUntil(ChannelOwner.java:107)
... 41 more
... Removed 27 stack frames]]>
    </failure>
  </testcase> <!-- Checkout_Page_Checkout_Click_Test -->
</testsuite> <!-- checkoutPageTest -->
