<?xml version="1.0" encoding="UTF-8"?>
<!-- Generated by org.testng.reporters.JUnitXMLReporter -->
<testsuite ignored="0" hostname="DESKTOP-N3LRL61" failures="0" tests="7" name="HomePageTest" time="15.903" errors="0" timestamp="2023-10-27T15:17:49 IST">
  <testcase classname="Com.QA.test.HomePageTest" name="HomePage_Title_Test" time="0.014"/>
  <testcase classname="Com.QA.test.HomePageTest" name="HomePage_Url_Test" time="0.002"/>
  <testcase classname="Com.QA.test.HomePageTest" name="HomePage_Logo_Test" time="0.064"/>
  <testcase classname="Com.QA.test.HomePageTest" name="HomePage_Links_Test" time="0.653"/>
  <testcase classname="Com.QA.test.HomePageTest" name="HomePage_Products_Test" time="1.11"/>
  <testcase classname="Com.QA.test.HomePageTest" name="HomePage_Footer_Test" time="1.641"/>
  <testcase classname="Com.QA.test.HomePageTest" name="HomePage_HeaderLinks_Test" time="1.251"/>
</testsuite> <!-- HomePageTest -->
