<?xml version="1.0" encoding="UTF-8"?>
<!-- Generated by org.testng.reporters.JUnitXMLReporter -->
<testsuite ignored="0" hostname="DESKTOP-N3LRL61" failures="0" tests="7" name="LoginPageTest" time="14.926" errors="0" timestamp="2023-10-27T15:18:04 IST">
  <testcase classname="Com.QA.test.LoginPageTest" name="LoginPage_Title_Test" time="1.142"/>
  <testcase classname="Com.QA.test.LoginPageTest" name="LoginPage_Url_Test" time="0.001"/>
  <testcase classname="Com.QA.test.LoginPageTest" name="LoginPage_Hedaer_Test" time="0.043"/>
  <testcase classname="Com.QA.test.LoginPageTest" name="LoginPage_links_Test" time="1.677"/>
  <testcase classname="Com.QA.test.LoginPageTest" name="LoginPage_AccountInfo_Test" time="0.015"/>
  <testcase classname="Com.QA.test.LoginPageTest" name="LoginPage_FooterLinks_Test" time="1.055"/>
  <testcase classname="Com.QA.test.LoginPageTest" name="LoginPage_Login_Test" time="3.129"/>
</testsuite> <!-- LoginPageTest -->
