<?xml version="1.0" encoding="UTF-8"?>
<!-- Generated by org.testng.reporters.JUnitXMLReporter -->
<testsuite ignored="0" hostname="DESKTOP-N3LRL61" failures="0" tests="44" name="Test" time="86.867" errors="0" timestamp="2023-10-28T10:27:45 IST">
  <testcase classname="Com.QA.test.PagesTest" name="HomePage_Title_Test" time="0.183"/>
  <testcase classname="Com.QA.test.PagesTest" name="HomePage_Url_Test" time="0.006"/>
  <testcase classname="Com.QA.test.PagesTest" name="HomePage_Logo_Test" time="0.073"/>
  <testcase classname="Com.QA.test.PagesTest" name="HomePage_Links_Test" time="1.754"/>
  <testcase classname="Com.QA.test.PagesTest" name="HomePage_Products_Test" time="1.181"/>
  <testcase classname="Com.QA.test.PagesTest" name="HomePage_Footer_Test" time="1.895"/>
  <testcase classname="Com.QA.test.PagesTest" name="HomePage_HeaderLinks_Test" time="2.304"/>
  <testcase classname="Com.QA.test.PagesTest" name="LoginPage_Title_Test" time="1.146"/>
  <testcase classname="Com.QA.test.PagesTest" name="LoginPage_Url_Test" time="0.003"/>
  <testcase classname="Com.QA.test.PagesTest" name="LoginPage_Hedaer_Test" time="0.068"/>
  <testcase classname="Com.QA.test.PagesTest" name="LoginPage_links_Test" time="2.113"/>
  <testcase classname="Com.QA.test.PagesTest" name="LoginPage_AccountInfo_Test" time="0.044"/>
  <testcase classname="Com.QA.test.PagesTest" name="LoginPage_FooterLinks_Test" time="1.248"/>
  <testcase classname="Com.QA.test.PagesTest" name="LoginPage_Login_Test" time="3.681"/>
  <testcase classname="Com.QA.test.PagesTest" name="AddToCartPage_Title_Test" time="1.652"/>
  <testcase classname="Com.QA.test.PagesTest" name="AddToCartPage_Url_Test" time="0.004"/>
  <testcase classname="Com.QA.test.PagesTest" name="AddToCartPage_ProDuctOverview_Test" time="1.112"/>
  <testcase classname="Com.QA.test.PagesTest" name="AddToCartPage_ProDuctSpecification_Test" time="1.081"/>
  <testcase classname="Com.QA.test.PagesTest" name="AddToCartPage_ProDuctInfo_Test" time="0.061"/>
  <testcase classname="Com.QA.test.PagesTest" name="AddToCartPage_ProDuctPrice_Test" time="0.096"/>
  <testcase classname="Com.QA.test.PagesTest" name="AddToCartPage_Links_Test" time="1.302"/>
  <testcase classname="Com.QA.test.PagesTest" name="AddToCartPage_Footer_Links_Test" time="1.281"/>
  <testcase classname="Com.QA.test.PagesTest" name="AddToCartPage_Click_on_AddtoCart_Button_Test" time="2.304"/>
  <testcase classname="Com.QA.test.PagesTest" name="Checkout_Page_TitleTest" time="0.03"/>
  <testcase classname="Com.QA.test.PagesTest" name="Checkout_Page_UrlTest" time="0.006"/>
  <testcase classname="Com.QA.test.PagesTest" name="Checkout_Page_EstimateShipping_Test" time="5.728"/>
  <testcase classname="Com.QA.test.PagesTest" name="Checkout_Page_Product_Price_Test" time="1.068"/>
  <testcase classname="Com.QA.test.PagesTest" name="Checkout_Page_Product_InCart_Test" time="0.03"/>
  <testcase classname="Com.QA.test.PagesTest" name="Checkout_Page_Checkout_Click_Test" time="2.529"/>
  <testcase classname="Com.QA.test.PagesTest" name="Address_Page_Title_Test" time="0.026"/>
  <testcase classname="Com.QA.test.PagesTest" name="Address_Page_Url_Test" time="0.003"/>
  <testcase classname="Com.QA.test.PagesTest" name="Address_Page_Address_Data_Test" time="1.112"/>
  <testcase classname="Com.QA.test.PagesTest" name="Payment_Page_Title_Test" time="0.038"/>
  <testcase classname="Com.QA.test.PagesTest" name="Payment_Page_url_Test" time="0.006"/>
  <testcase classname="Com.QA.test.PagesTest" name="Payment_Page_ContinueAction_Test" time="2.354"/>
  <testcase classname="Com.QA.test.PagesTest" name="Payment_Page_PaymentMethods_Test" time="2.254"/>
  <testcase classname="Com.QA.test.PagesTest" name="Payment_Page_PaymentInformation_Test" time="2.186"/>
  <testcase classname="Com.QA.test.PagesTest" name="Payment_Page_BillingInfo_Test" time="1.034"/>
  <testcase classname="Com.QA.test.PagesTest" name="Payment_Page_ShippingInfo_Test" time="1.045"/>
  <testcase classname="Com.QA.test.PagesTest" name="Payment_Page_FinalpriceInfo_Test" time="1.072"/>
  <testcase classname="Com.QA.test.PagesTest" name="Payment_Page_ClickConfirmOrder_Test" time="1.12"/>
  <testcase classname="Com.QA.test.PagesTest" name="Payment_Page_FinalPageLogo_Test" time="0.07"/>
  <testcase classname="Com.QA.test.PagesTest" name="Payment_Page_OrderConfirmation_Test" time="0.075"/>
  <testcase classname="Com.QA.test.PagesTest" name="Payment_Page_OrderNumber_Test" time="0.062"/>
</testsuite> <!-- Test -->
