<?xml version="1.0" encoding="UTF-8"?>
<!-- Generated by org.testng.reporters.JUnitXMLReporter -->
<testsuite ignored="0" hostname="DESKTOP-N3LRL61" failures="0" tests="44" name="Test" time="86.111" errors="0" timestamp="2023-10-28T11:14:03 IST">
  <testcase classname="Com.QA.test.PagesTest" name="HomePage_Title_Test" time="0.093"/>
  <testcase classname="Com.QA.test.PagesTest" name="HomePage_Url_Test" time="0.013"/>
  <testcase classname="Com.QA.test.PagesTest" name="HomePage_Logo_Test" time="0.073"/>
  <testcase classname="Com.QA.test.PagesTest" name="HomePage_Links_Test" time="1.09"/>
  <testcase classname="Com.QA.test.PagesTest" name="HomePage_Products_Test" time="1.119"/>
  <testcase classname="Com.QA.test.PagesTest" name="HomePage_Footer_Test" time="2.711"/>
  <testcase classname="Com.QA.test.PagesTest" name="HomePage_HeaderLinks_Test" time="2.23"/>
  <testcase classname="Com.QA.test.PagesTest" name="LoginPage_Title_Test" time="1.136"/>
  <testcase classname="Com.QA.test.PagesTest" name="LoginPage_Url_Test" time="0.0"/>
  <testcase classname="Com.QA.test.PagesTest" name="LoginPage_Hedaer_Test" time="0.082"/>
  <testcase classname="Com.QA.test.PagesTest" name="LoginPage_links_Test" time="2.108"/>
  <testcase classname="Com.QA.test.PagesTest" name="LoginPage_AccountInfo_Test" time="0.052"/>
  <testcase classname="Com.QA.test.PagesTest" name="LoginPage_FooterLinks_Test" time="1.098"/>
  <testcase classname="Com.QA.test.PagesTest" name="LoginPage_Login_Test" time="3.599"/>
  <testcase classname="Com.QA.test.PagesTest" name="AddToCartPage_Title_Test" time="1.713"/>
  <testcase classname="Com.QA.test.PagesTest" name="AddToCartPage_Url_Test" time="0.0"/>
  <testcase classname="Com.QA.test.PagesTest" name="AddToCartPage_ProDuctOverview_Test" time="1.108"/>
  <testcase classname="Com.QA.test.PagesTest" name="AddToCartPage_ProDuctSpecification_Test" time="1.064"/>
  <testcase classname="Com.QA.test.PagesTest" name="AddToCartPage_ProDuctInfo_Test" time="0.075"/>
  <testcase classname="Com.QA.test.PagesTest" name="AddToCartPage_ProDuctPrice_Test" time="0.075"/>
  <testcase classname="Com.QA.test.PagesTest" name="AddToCartPage_Links_Test" time="1.235"/>
  <testcase classname="Com.QA.test.PagesTest" name="AddToCartPage_Footer_Links_Test" time="1.257"/>
  <testcase classname="Com.QA.test.PagesTest" name="AddToCartPage_Click_on_AddtoCart_Button_Test" time="2.279"/>
  <testcase classname="Com.QA.test.PagesTest" name="Checkout_Page_TitleTest" time="0.02"/>
  <testcase classname="Com.QA.test.PagesTest" name="Checkout_Page_UrlTest" time="0.002"/>
  <testcase classname="Com.QA.test.PagesTest" name="Checkout_Page_EstimateShipping_Test" time="5.601"/>
  <testcase classname="Com.QA.test.PagesTest" name="Checkout_Page_Product_Price_Test" time="1.068"/>
  <testcase classname="Com.QA.test.PagesTest" name="Checkout_Page_Product_InCart_Test" time="0.051"/>
  <testcase classname="Com.QA.test.PagesTest" name="Checkout_Page_Checkout_Click_Test" time="2.616"/>
  <testcase classname="Com.QA.test.PagesTest" name="Address_Page_Title_Test" time="0.017"/>
  <testcase classname="Com.QA.test.PagesTest" name="Address_Page_Url_Test" time="0.0"/>
  <testcase classname="Com.QA.test.PagesTest" name="Address_Page_Address_Data_Test" time="1.089"/>
  <testcase classname="Com.QA.test.PagesTest" name="Payment_Page_Title_Test" time="0.026"/>
  <testcase classname="Com.QA.test.PagesTest" name="Payment_Page_url_Test" time="0.001"/>
  <testcase classname="Com.QA.test.PagesTest" name="Payment_Page_ContinueAction_Test" time="2.351"/>
  <testcase classname="Com.QA.test.PagesTest" name="Payment_Page_PaymentMethods_Test" time="2.257"/>
  <testcase classname="Com.QA.test.PagesTest" name="Payment_Page_PaymentInformation_Test" time="2.156"/>
  <testcase classname="Com.QA.test.PagesTest" name="Payment_Page_BillingInfo_Test" time="1.041"/>
  <testcase classname="Com.QA.test.PagesTest" name="Payment_Page_ShippingInfo_Test" time="1.046"/>
  <testcase classname="Com.QA.test.PagesTest" name="Payment_Page_FinalpriceInfo_Test" time="1.035"/>
  <testcase classname="Com.QA.test.PagesTest" name="Payment_Page_ClickConfirmOrder_Test" time="1.427"/>
  <testcase classname="Com.QA.test.PagesTest" name="Payment_Page_FinalPageLogo_Test" time="0.123"/>
  <testcase classname="Com.QA.test.PagesTest" name="Payment_Page_OrderConfirmation_Test" time="0.067"/>
  <testcase classname="Com.QA.test.PagesTest" name="Payment_Page_OrderNumber_Test" time="0.053"/>
</testsuite> <!-- Test -->
